# JRE version: OpenJDK Runtime Environment (17.0.6) (build 17.0.6+0-b2043.56-10027231)
# Java VM: OpenJDK 64-Bit Server VM (17.0.6+0-b2043.56-10027231, mixed mode, tiered, compressed oops, compressed class ptrs, g1 gc, windows-amd64)
GC Precious Log:
 CPUs: 8 total, 8 available
 Memory: 8075M
 Large Page Support: Disabled
 NUMA Support: Disabled
 Compressed Oops: Enabled (32-bit)
 Heap Region Size: 1M
 Heap Min Capacity: 8M
 Heap Initial Capacity: 128M
 Heap Max Capacity: 2G
 Pre-touch: Disabled
 Parallel Workers: 8
 Concurrent Workers: 2
 Concurrent Refinement Workers: 8
 Periodic GC: Disabled
Heap:
 garbage-first heap   total 334848K, used 186272K [0x0000000080000000, 0x0000000100000000)
  region size 1024K, 11 young (11264K), 11 survivors (11264K)
 Metaspace       used 159442K, committed 160320K, reserved 1187840K
  class space    used 20832K, committed 21248K, reserved 1048576K
GC Heap History (20 events):
Event: 2180.115 GC heap after
{Heap after GC invocations=65 (full 0):
 garbage-first heap   total 218112K, used 169079K [0x0000000080000000, 0x0000000100000000)
  region size 1024K, 3 young (3072K), 3 survivors (3072K)
 Metaspace       used 143831K, committed 144832K, reserved 1179648K
  class space    used 19139K, committed 19648K, reserved 1048576K
}
Event: 2180.546 GC heap before
{Heap before GC invocations=65 (full 0):
 garbage-first heap   total 218112K, used 187511K [0x0000000080000000, 0x0000000100000000)
  region size 1024K, 22 young (22528K), 3 survivors (3072K)
 Metaspace       used 146539K, committed 147520K, reserved 1179648K
  class space    used 19509K, committed 20032K, reserved 1048576K
}
Event: 2180.550 GC heap after
{Heap after GC invocations=66 (full 0):
 garbage-first heap   total 218112K, used 169953K [0x0000000080000000, 0x0000000100000000)
  region size 1024K, 1 young (1024K), 1 survivors (1024K)
 Metaspace       used 146539K, committed 147520K, reserved 1179648K
  class space    used 19509K, committed 20032K, reserved 1048576K
}
Event: 2181.030 GC heap before
{Heap before GC invocations=66 (full 0):
 garbage-first heap   total 218112K, used 189409K [0x0000000080000000, 0x0000000100000000)
  region size 1024K, 21 young (21504K), 1 survivors (1024K)
 Metaspace       used 149855K, committed 150848K, reserved 1179648K
  class space    used 19841K, committed 20352K, reserved 1048576K
}
Event: 2181.033 GC heap after
{Heap after GC invocations=67 (full 0):
 garbage-first heap   total 218112K, used 170625K [0x0000000080000000, 0x0000000100000000)
  region size 1024K, 2 young (2048K), 2 survivors (2048K)
 Metaspace       used 149855K, committed 150848K, reserved 1179648K
  class space    used 19841K, committed 20352K, reserved 1048576K
}
Event: 2181.342 GC heap before
{Heap before GC invocations=67 (full 0):
 garbage-first heap   total 218112K, used 189057K [0x0000000080000000, 0x0000000100000000)
  region size 1024K, 21 young (21504K), 2 survivors (2048K)
 Metaspace       used 153285K, committed 154240K, reserved 1187840K
  class space    used 20245K, committed 20736K, reserved 1048576K
}
Event: 2181.346 GC heap after
{Heap after GC invocations=68 (full 0):
 garbage-first heap   total 218112K, used 171452K [0x0000000080000000, 0x0000000100000000)
  region size 1024K, 2 young (2048K), 2 survivors (2048K)
 Metaspace       used 153285K, committed 154240K, reserved 1187840K
  class space    used 20245K, committed 20736K, reserved 1048576K
}
Event: 2181.671 GC heap before
{Heap before GC invocations=68 (full 0):
 garbage-first heap   total 218112K, used 184764K [0x0000000080000000, 0x0000000100000000)
  region size 1024K, 17 young (17408K), 2 survivors (2048K)
 Metaspace       used 155789K, committed 156736K, reserved 1187840K
  class space    used 20499K, committed 20992K, reserved 1048576K
}
Event: 2181.674 GC heap after
{Heap after GC invocations=69 (full 0):
 garbage-first heap   total 218112K, used 171732K [0x0000000080000000, 0x0000000100000000)
  region size 1024K, 2 young (2048K), 2 survivors (2048K)
 Metaspace       used 155789K, committed 156736K, reserved 1187840K
  class space    used 20499K, committed 20992K, reserved 1048576K
}
Event: 2182.659 GC heap before
{Heap before GC invocations=70 (full 0):
 garbage-first heap   total 314368K, used 190164K [0x0000000080000000, 0x0000000100000000)
  region size 1024K, 21 young (21504K), 2 survivors (2048K)
 Metaspace       used 156459K, committed 157760K, reserved 1187840K
  class space    used 20537K, committed 21120K, reserved 1048576K
}
Event: 2182.686 GC heap after
{Heap after GC invocations=71 (full 0):
 garbage-first heap   total 314368K, used 174347K [0x0000000080000000, 0x0000000100000000)
  region size 1024K, 3 young (3072K), 3 survivors (3072K)
 Metaspace       used 156459K, committed 157760K, reserved 1187840K
  class space    used 20537K, committed 21120K, reserved 1048576K
}
Event: 2182.789 GC heap before
{Heap before GC invocations=71 (full 0):
 garbage-first heap   total 314368K, used 187659K [0x0000000080000000, 0x0000000100000000)
  region size 1024K, 15 young (15360K), 3 survivors (3072K)
 Metaspace       used 156460K, committed 157760K, reserved 1187840K
  class space    used 20537K, committed 21120K, reserved 1048576K
}
Event: 2182.839 GC heap after
{Heap after GC invocations=72 (full 0):
 garbage-first heap   total 314368K, used 163525K [0x0000000080000000, 0x0000000100000000)
  region size 1024K, 2 young (2048K), 2 survivors (2048K)
 Metaspace       used 156460K, committed 157760K, reserved 1187840K
  class space    used 20537K, committed 21120K, reserved 1048576K
}
Event: 2188.637 GC heap before
{Heap before GC invocations=72 (full 0):
 garbage-first heap   total 314368K, used 261829K [0x0000000080000000, 0x0000000100000000)
  region size 1024K, 98 young (100352K), 2 survivors (2048K)
 Metaspace       used 158307K, committed 159232K, reserved 1187840K
  class space    used 20766K, committed 21184K, reserved 1048576K
}
Event: 2188.682 GC heap after
{Heap after GC invocations=73 (full 0):
 garbage-first heap   total 314368K, used 171538K [0x0000000080000000, 0x0000000100000000)
  region size 1024K, 10 young (10240K), 10 survivors (10240K)
 Metaspace       used 158307K, committed 159232K, reserved 1187840K
  class space    used 20766K, committed 21184K, reserved 1048576K
}
Event: 2190.972 GC heap before
{Heap before GC invocations=74 (full 0):
 garbage-first heap   total 334848K, used 258578K [0x0000000080000000, 0x0000000100000000)
  region size 1024K, 95 young (97280K), 10 survivors (10240K)
 Metaspace       used 158594K, committed 159552K, reserved 1187840K
  class space    used 20789K, committed 21248K, reserved 1048576K
}
Event: 2191.023 GC heap after
{Heap after GC invocations=75 (full 0):
 garbage-first heap   total 334848K, used 185010K [0x0000000080000000, 0x0000000100000000)
  region size 1024K, 12 young (12288K), 12 survivors (12288K)
 Metaspace       used 158594K, committed 159552K, reserved 1187840K
  class space    used 20789K, committed 21248K, reserved 1048576K
}
Event: 2191.079 GC heap before
{Heap before GC invocations=75 (full 0):
 garbage-first heap   total 334848K, used 189106K [0x0000000080000000, 0x0000000100000000)
  region size 1024K, 16 young (16384K), 12 survivors (12288K)
 Metaspace       used 158598K, committed 159552K, reserved 1187840K
  class space    used 20789K, committed 21248K, reserved 1048576K
}
Event: 2191.204 GC heap after
{Heap after GC invocations=76 (full 0):
 garbage-first heap   total 334848K, used 177997K [0x0000000080000000, 0x0000000100000000)
  region size 1024K, 2 young (2048K), 2 survivors (2048K)
 Metaspace       used 158598K, committed 159552K, reserved 1187840K
  class space    used 20789K, committed 21248K, reserved 1048576K
}
Event: 2192.589 GC heap before
{Heap before GC invocations=76 (full 0):
 garbage-first heap   total 334848K, used 272205K [0x0000000080000000, 0x0000000100000000)
  region size 1024K, 94 young (96256K), 2 survivors (2048K)
 Metaspace       used 159442K, committed 160320K, reserved 1187840K
  class space    used 20832K, committed 21248K, reserved 1048576K
}

